2025-06-27 18:30:40 [[32minfo[39m]: Servidor rodando na porta 3100
2025-06-27 18:30:40 [[31merror[39m]: Erro ao conectar com o banco: relation "Tenants" does not exist
2025-06-27 18:31:25 [[32minfo[39m]: Iniciando shutdown gracioso do servidor...
2025-06-27 18:31:27 [[32minfo[39m]: Servidor rodando na porta 3100
2025-06-27 18:31:39 [[32minfo[39m]: Iniciando shutdown gracioso do servidor...
2025-06-27 18:31:40 [[32minfo[39m]: Servidor rodando na porta 3100
2025-06-27 18:31:40 [[32minfo[39m]: Tenant 1: Iniciando scheduler com intervalo de 60 segundos.
2025-06-27 18:31:40 [[32minfo[39m]: Processando chamadas agendadas para tenant 1...
2025-06-27 18:31:40 [[32minfo[39m]: Tenant 1: Encontradas 0 chamadas vencidas
2025-06-27 18:32:40 [[32minfo[39m]: Processando chamadas agendadas para tenant 1...
2025-06-27 18:32:40 [[32minfo[39m]: Tenant 1: Encontradas 0 chamadas vencidas
2025-06-27 18:33:40 [[32minfo[39m]: Processando chamadas agendadas para tenant 1...
2025-06-27 18:33:40 [[32minfo[39m]: Tenant 1: Encontradas 0 chamadas vencidas
2025-06-27 18:33:56 [[32minfo[39m]: Iniciando shutdown gracioso do servidor...
2025-06-27 15:44:07 [[32minfo[39m]: Servidor rodando na porta 8080
2025-06-27 15:44:07 [[31merror[39m]: Erro ao conectar com o banco: password authentication failed for user "postgres"
2025-06-27 15:44:10 [[32minfo[39m]: Iniciando shutdown gracioso do servidor...
2025-06-27 18:57:12 [[32minfo[39m]: Servidor rodando na porta 3100
2025-06-27 18:57:12 [[32minfo[39m]: Tenant 1: Iniciando scheduler com intervalo de 60 segundos.
2025-06-27 18:57:12 [[32minfo[39m]: Processando chamadas agendadas para tenant 1...
2025-06-27 18:57:12 [[32minfo[39m]: Tenant 1: Encontradas 0 chamadas vencidas
2025-06-27 19:01:24 [[32minfo[39m]: Servidor rodando na porta 3100
2025-06-27 19:01:25 [[32minfo[39m]: Tenant 1: Iniciando scheduler com intervalo de 60 segundos.
2025-06-27 19:01:25 [[32minfo[39m]: Processando chamadas agendadas para tenant 1...
2025-06-27 19:01:25 [[32minfo[39m]: Tenant 1: Encontradas 0 chamadas vencidas
2025-06-27 19:02:25 [[32minfo[39m]: Processando chamadas agendadas para tenant 1...
2025-06-27 19:02:25 [[32minfo[39m]: Tenant 1: Encontradas 0 chamadas vencidas
2025-06-27 19:02:58 [[32minfo[39m]: Dados recebidos para criar VapiToken: {"name":"Vapi","token":"e2c4d47f-5ecb-42ec-922b-09cd4a5c713a","tenantId":1}
2025-06-27 19:03:25 [[32minfo[39m]: Processando chamadas agendadas para tenant 1...
2025-06-27 19:03:25 [[32minfo[39m]: Tenant 1: Encontradas 0 chamadas vencidas
2025-06-27 19:04:25 [[32minfo[39m]: Processando chamadas agendadas para tenant 1...
2025-06-27 19:04:25 [[32minfo[39m]: Tenant 1: Encontradas 0 chamadas vencidas
2025-06-27 19:05:25 [[32minfo[39m]: Processando chamadas agendadas para tenant 1...
2025-06-27 19:05:25 [[32minfo[39m]: Tenant 1: Encontradas 0 chamadas vencidas
2025-06-27 19:06:25 [[32minfo[39m]: Processando chamadas agendadas para tenant 1...
2025-06-27 19:06:25 [[32minfo[39m]: Tenant 1: Encontradas 0 chamadas vencidas
2025-06-27 19:06:53 [[32minfo[39m]: Phone number 1f0e6320-bfd2-425e-90da-65fbbc9d1fe2: +5515998566622
2025-06-27 19:06:53 [[32minfo[39m]: Encontrados 1 WavoipTokens para o número +5515998566622
2025-06-27 19:06:53 [[32minfo[39m]: WavoipToken disponível encontrado: 5515998566622 - Token: c1a3154f-c25d-4dfb-8811-976612024cc6
2025-06-27 19:06:53 [[32minfo[39m]: Tenant 1 Payload da chamada: {"customers":[{"number":"+5535988754197"}],"assistantId":"394d4747-b478-4010-baf5-0b8c0941c67c","phoneNumberId":"1f0e6320-bfd2-425e-90da-65fbbc9d1fe2"}
2025-06-27 19:07:25 [[32minfo[39m]: Processando chamadas agendadas para tenant 1...
2025-06-27 19:07:25 [[32minfo[39m]: Tenant 1: Encontradas 0 chamadas vencidas
2025-06-27 19:08:25 [[32minfo[39m]: Processando chamadas agendadas para tenant 1...
2025-06-27 19:08:25 [[32minfo[39m]: Tenant 1: Encontradas 0 chamadas vencidas
2025-06-27 19:09:25 [[32minfo[39m]: Processando chamadas agendadas para tenant 1...
2025-06-27 19:09:25 [[32minfo[39m]: Tenant 1: Encontradas 0 chamadas vencidas
2025-06-27 19:10:25 [[32minfo[39m]: Processando chamadas agendadas para tenant 1...
2025-06-27 19:10:25 [[32minfo[39m]: Tenant 1: Encontradas 0 chamadas vencidas
2025-06-27 19:11:25 [[32minfo[39m]: Processando chamadas agendadas para tenant 1...
2025-06-27 19:11:25 [[32minfo[39m]: Tenant 1: Encontradas 0 chamadas vencidas
2025-06-27 19:12:25 [[32minfo[39m]: Processando chamadas agendadas para tenant 1...
2025-06-27 19:12:25 [[32minfo[39m]: Tenant 1: Encontradas 0 chamadas vencidas
2025-06-27 19:13:25 [[32minfo[39m]: Processando chamadas agendadas para tenant 1...
2025-06-27 19:13:25 [[32minfo[39m]: Tenant 1: Encontradas 0 chamadas vencidas
2025-06-27 19:14:25 [[32minfo[39m]: Processando chamadas agendadas para tenant 1...
2025-06-27 19:14:25 [[32minfo[39m]: Tenant 1: Encontradas 0 chamadas vencidas
2025-06-27 19:15:25 [[32minfo[39m]: Processando chamadas agendadas para tenant 1...
2025-06-27 19:15:25 [[32minfo[39m]: Tenant 1: Encontradas 0 chamadas vencidas
2025-06-27 19:16:25 [[32minfo[39m]: Processando chamadas agendadas para tenant 1...
2025-06-27 19:16:25 [[32minfo[39m]: Tenant 1: Encontradas 0 chamadas vencidas
2025-06-27 19:17:25 [[32minfo[39m]: Processando chamadas agendadas para tenant 1...
2025-06-27 19:17:25 [[32minfo[39m]: Tenant 1: Encontradas 0 chamadas vencidas
2025-06-27 19:18:25 [[32minfo[39m]: Processando chamadas agendadas para tenant 1...
2025-06-27 19:18:25 [[32minfo[39m]: Tenant 1: Encontradas 0 chamadas vencidas
2025-06-27 19:19:24 [[32minfo[39m]: Processando chamadas agendadas para tenant 1...
2025-06-27 19:19:24 [[32minfo[39m]: Tenant 1: Encontradas 0 chamadas vencidas
2025-06-27 19:20:24 [[32minfo[39m]: Processando chamadas agendadas para tenant 1...
2025-06-27 19:20:24 [[32minfo[39m]: Tenant 1: Encontradas 0 chamadas vencidas
2025-06-27 19:21:24 [[32minfo[39m]: Processando chamadas agendadas para tenant 1...
2025-06-27 19:21:24 [[32minfo[39m]: Tenant 1: Encontradas 0 chamadas vencidas
2025-06-27 19:22:24 [[32minfo[39m]: Processando chamadas agendadas para tenant 1...
2025-06-27 19:22:24 [[32minfo[39m]: Tenant 1: Encontradas 0 chamadas vencidas
2025-06-27 19:23:24 [[32minfo[39m]: Processando chamadas agendadas para tenant 1...
2025-06-27 19:23:24 [[32minfo[39m]: Tenant 1: Encontradas 0 chamadas vencidas
2025-06-27 19:24:24 [[32minfo[39m]: Processando chamadas agendadas para tenant 1...
2025-06-27 19:24:24 [[32minfo[39m]: Tenant 1: Encontradas 0 chamadas vencidas
2025-06-27 19:25:24 [[32minfo[39m]: Processando chamadas agendadas para tenant 1...
2025-06-27 19:25:24 [[32minfo[39m]: Tenant 1: Encontradas 0 chamadas vencidas
2025-06-27 19:26:24 [[32minfo[39m]: Processando chamadas agendadas para tenant 1...
2025-06-27 19:26:24 [[32minfo[39m]: Tenant 1: Encontradas 0 chamadas vencidas
2025-06-27 19:27:24 [[32minfo[39m]: Processando chamadas agendadas para tenant 1...
2025-06-27 19:27:24 [[32minfo[39m]: Tenant 1: Encontradas 0 chamadas vencidas
2025-06-27 19:28:24 [[32minfo[39m]: Processando chamadas agendadas para tenant 1...
2025-06-27 19:28:24 [[32minfo[39m]: Tenant 1: Encontradas 0 chamadas vencidas
2025-06-27 19:29:24 [[32minfo[39m]: Processando chamadas agendadas para tenant 1...
2025-06-27 19:29:24 [[32minfo[39m]: Tenant 1: Encontradas 0 chamadas vencidas
2025-06-27 19:30:24 [[32minfo[39m]: Processando chamadas agendadas para tenant 1...
2025-06-27 19:30:24 [[32minfo[39m]: Tenant 1: Encontradas 0 chamadas vencidas
2025-06-27 19:31:24 [[32minfo[39m]: Processando chamadas agendadas para tenant 1...
2025-06-27 19:31:24 [[32minfo[39m]: Tenant 1: Encontradas 0 chamadas vencidas
2025-06-27 19:32:24 [[32minfo[39m]: Processando chamadas agendadas para tenant 1...
2025-06-27 19:32:24 [[32minfo[39m]: Tenant 1: Encontradas 0 chamadas vencidas
2025-06-27 19:33:24 [[32minfo[39m]: Processando chamadas agendadas para tenant 1...
2025-06-27 19:33:24 [[32minfo[39m]: Tenant 1: Encontradas 0 chamadas vencidas
2025-06-27 19:34:24 [[32minfo[39m]: Processando chamadas agendadas para tenant 1...
2025-06-27 19:34:24 [[32minfo[39m]: Tenant 1: Encontradas 0 chamadas vencidas
2025-06-27 19:35:24 [[32minfo[39m]: Processando chamadas agendadas para tenant 1...
2025-06-27 19:35:24 [[32minfo[39m]: Tenant 1: Encontradas 0 chamadas vencidas
2025-06-27 19:36:24 [[32minfo[39m]: Processando chamadas agendadas para tenant 1...
2025-06-27 19:36:24 [[32minfo[39m]: Tenant 1: Encontradas 0 chamadas vencidas
2025-06-27 19:37:24 [[32minfo[39m]: Processando chamadas agendadas para tenant 1...
2025-06-27 19:37:24 [[32minfo[39m]: Tenant 1: Encontradas 1 chamadas vencidas
2025-06-27 19:37:25 [[32minfo[39m]: Phone number 1f0e6320-bfd2-425e-90da-65fbbc9d1fe2: +5515998566622
2025-06-27 19:37:25 [[32minfo[39m]: Encontrados 1 WavoipTokens para o número +5515998566622
2025-06-27 19:37:25 [[32minfo[39m]: WavoipToken disponível encontrado: 5515998566622 - Token: c1a3154f-c25d-4dfb-8811-976612024cc6
2025-06-27 19:37:25 [[32minfo[39m]: Tenant 1 Payload da chamada: {"customers":[{"number":"+5535988754197"}],"assistantId":"394d4747-b478-4010-baf5-0b8c0941c67c","phoneNumberId":"1f0e6320-bfd2-425e-90da-65fbbc9d1fe2"}
2025-06-27 19:37:25 [[32minfo[39m]: Chamada 2 executada com sucesso
2025-06-27 19:38:24 [[32minfo[39m]: Processando chamadas agendadas para tenant 1...
2025-06-27 19:38:24 [[32minfo[39m]: Tenant 1: Encontradas 0 chamadas vencidas
2025-06-27 19:39:24 [[32minfo[39m]: Processando chamadas agendadas para tenant 1...
2025-06-27 19:39:24 [[32minfo[39m]: Tenant 1: Encontradas 0 chamadas vencidas
2025-06-27 19:40:24 [[32minfo[39m]: Processando chamadas agendadas para tenant 1...
2025-06-27 19:40:24 [[32minfo[39m]: Tenant 1: Encontradas 0 chamadas vencidas
2025-06-27 19:40:31 [[32minfo[39m]: Iniciando shutdown gracioso do servidor...
2025-06-27 16:40:52 [[32minfo[39m]: Servidor rodando na porta 8080
2025-06-27 16:40:52 [[31merror[39m]: Erro ao conectar com o banco: 
2025-06-27 16:41:33 [[32minfo[39m]: Iniciando shutdown gracioso do servidor...
2025-06-27 16:41:41 [[32minfo[39m]: Servidor rodando na porta 3100
2025-06-27 16:41:41 [[32minfo[39m]: Tenant 1: Iniciando scheduler com intervalo de 60 segundos.
2025-06-27 16:41:41 [[32minfo[39m]: Processando chamadas agendadas para tenant 1...
2025-06-27 16:41:41 [[32minfo[39m]: Tenant 1: Encontradas 0 chamadas vencidas
2025-06-27 16:42:41 [[32minfo[39m]: Processando chamadas agendadas para tenant 1...
2025-06-27 16:42:41 [[32minfo[39m]: Tenant 1: Encontradas 0 chamadas vencidas
2025-06-27 16:43:41 [[32minfo[39m]: Processando chamadas agendadas para tenant 1...
2025-06-27 16:43:41 [[32minfo[39m]: Tenant 1: Encontradas 0 chamadas vencidas
2025-06-27 16:44:41 [[32minfo[39m]: Processando chamadas agendadas para tenant 1...
2025-06-27 16:44:41 [[32minfo[39m]: Tenant 1: Encontradas 0 chamadas vencidas
2025-06-27 16:45:41 [[32minfo[39m]: Processando chamadas agendadas para tenant 1...
2025-06-27 16:45:41 [[32minfo[39m]: Tenant 1: Encontradas 0 chamadas vencidas
2025-06-27 16:46:41 [[32minfo[39m]: Processando chamadas agendadas para tenant 1...
2025-06-27 16:46:41 [[32minfo[39m]: Tenant 1: Encontradas 0 chamadas vencidas
2025-06-27 16:46:43 [[32minfo[39m]: Iniciando shutdown gracioso do servidor...
2025-06-27 19:46:54 [[32minfo[39m]: Servidor rodando na porta 3100
2025-06-27 19:46:54 [[32minfo[39m]: Tenant 1: Iniciando scheduler com intervalo de 60 segundos.
2025-06-27 19:46:54 [[32minfo[39m]: Processando chamadas agendadas para tenant 1...
2025-06-27 19:46:54 [[32minfo[39m]: Tenant 1: Encontradas 0 chamadas vencidas
2025-06-27 19:47:54 [[32minfo[39m]: Processando chamadas agendadas para tenant 1...
2025-06-27 19:47:54 [[32minfo[39m]: Tenant 1: Encontradas 0 chamadas vencidas
2025-06-27 19:48:54 [[32minfo[39m]: Processando chamadas agendadas para tenant 1...
2025-06-27 19:48:54 [[32minfo[39m]: Tenant 1: Encontradas 0 chamadas vencidas
2025-06-27 19:49:54 [[32minfo[39m]: Processando chamadas agendadas para tenant 1...
2025-06-27 19:49:54 [[32minfo[39m]: Tenant 1: Encontradas 0 chamadas vencidas
2025-06-27 19:50:54 [[32minfo[39m]: Processando chamadas agendadas para tenant 1...
2025-06-27 19:50:54 [[32minfo[39m]: Tenant 1: Encontradas 0 chamadas vencidas
2025-06-27 19:51:54 [[32minfo[39m]: Processando chamadas agendadas para tenant 1...
2025-06-27 19:51:54 [[32minfo[39m]: Tenant 1: Encontradas 0 chamadas vencidas
2025-06-27 19:52:54 [[32minfo[39m]: Processando chamadas agendadas para tenant 1...
2025-06-27 19:52:54 [[32minfo[39m]: Tenant 1: Encontradas 0 chamadas vencidas
2025-06-27 19:53:17 [[32minfo[39m]: Phone number 1f0e6320-bfd2-425e-90da-65fbbc9d1fe2: +5515998566622
2025-06-27 19:53:17 [[32minfo[39m]: Encontrados 1 WavoipTokens para o número +5515998566622
2025-06-27 19:53:17 [[32minfo[39m]: WavoipToken disponível encontrado: 5515998566622 - Token: c1a3154f-c25d-4dfb-8811-976612024cc6
2025-06-27 19:53:17 [[32minfo[39m]: Tenant 1 Payload da chamada: {"customers":[{"number":"+5535988754197"}],"assistantId":"394d4747-b478-4010-baf5-0b8c0941c67c","phoneNumberId":"1f0e6320-bfd2-425e-90da-65fbbc9d1fe2"}
2025-06-27 19:53:54 [[32minfo[39m]: Processando chamadas agendadas para tenant 1...
2025-06-27 19:53:54 [[32minfo[39m]: Tenant 1: Encontradas 0 chamadas vencidas
2025-06-27 19:54:54 [[32minfo[39m]: Processando chamadas agendadas para tenant 1...
2025-06-27 19:54:54 [[32minfo[39m]: Tenant 1: Encontradas 0 chamadas vencidas
2025-06-27 19:55:54 [[32minfo[39m]: Processando chamadas agendadas para tenant 1...
2025-06-27 19:55:54 [[32minfo[39m]: Tenant 1: Encontradas 0 chamadas vencidas
2025-06-27 19:56:54 [[32minfo[39m]: Processando chamadas agendadas para tenant 1...
2025-06-27 19:56:54 [[32minfo[39m]: Tenant 1: Encontradas 0 chamadas vencidas
2025-06-27 19:57:54 [[32minfo[39m]: Tenant 1: Intervalo alterado para 30 segundos. Reiniciando scheduler.
2025-06-27 19:58:24 [[32minfo[39m]: Processando chamadas agendadas para tenant 1...
2025-06-27 19:58:24 [[32minfo[39m]: Tenant 1: Encontradas 0 chamadas vencidas
2025-06-27 19:58:54 [[32minfo[39m]: Processando chamadas agendadas para tenant 1...
2025-06-27 19:58:54 [[32minfo[39m]: Tenant 1: Encontradas 0 chamadas vencidas
2025-06-27 19:59:24 [[32minfo[39m]: Processando chamadas agendadas para tenant 1...
2025-06-27 19:59:24 [[32minfo[39m]: Tenant 1: Encontradas 0 chamadas vencidas
2025-06-27 19:59:54 [[32minfo[39m]: Processando chamadas agendadas para tenant 1...
2025-06-27 19:59:54 [[32minfo[39m]: Tenant 1: Encontradas 0 chamadas vencidas
2025-06-27 20:00:24 [[32minfo[39m]: Processando chamadas agendadas para tenant 1...
2025-06-27 20:00:24 [[32minfo[39m]: Tenant 1: Encontradas 0 chamadas vencidas
2025-06-27 20:00:54 [[32minfo[39m]: Processando chamadas agendadas para tenant 1...
2025-06-27 20:00:54 [[32minfo[39m]: Tenant 1: Encontradas 0 chamadas vencidas
2025-06-27 20:00:57 [[32minfo[39m]: Iniciando shutdown gracioso do servidor...
2025-06-27 20:06:41 [[32minfo[39m]: Servidor rodando na porta 3100
2025-06-27 20:06:41 [[32minfo[39m]: Tenant 1: Iniciando scheduler com intervalo de 30 segundos.
2025-06-27 20:06:41 [[32minfo[39m]: Processando chamadas agendadas para tenant 1...
2025-06-27 20:06:41 [[32minfo[39m]: Tenant 1: Encontradas 0 chamadas vencidas
2025-06-27 20:07:11 [[32minfo[39m]: Processando chamadas agendadas para tenant 1...
2025-06-27 20:07:11 [[32minfo[39m]: Tenant 1: Encontradas 0 chamadas vencidas
2025-06-27 20:07:41 [[32minfo[39m]: Processando chamadas agendadas para tenant 1...
2025-06-27 20:07:41 [[32minfo[39m]: Tenant 1: Encontradas 0 chamadas vencidas
2025-06-27 20:08:11 [[32minfo[39m]: Processando chamadas agendadas para tenant 1...
2025-06-27 20:08:11 [[32minfo[39m]: Tenant 1: Encontradas 0 chamadas vencidas
2025-06-27 20:08:41 [[32minfo[39m]: Processando chamadas agendadas para tenant 1...
2025-06-27 20:08:41 [[32minfo[39m]: Tenant 1: Encontradas 0 chamadas vencidas
2025-06-27 20:09:11 [[32minfo[39m]: Processando chamadas agendadas para tenant 1...
2025-06-27 20:09:11 [[32minfo[39m]: Tenant 1: Encontradas 0 chamadas vencidas
2025-06-27 20:09:41 [[32minfo[39m]: Processando chamadas agendadas para tenant 1...
2025-06-27 20:09:41 [[32minfo[39m]: Tenant 1: Encontradas 0 chamadas vencidas
2025-06-27 20:10:11 [[32minfo[39m]: Processando chamadas agendadas para tenant 1...
2025-06-27 20:10:11 [[32minfo[39m]: Tenant 1: Encontradas 0 chamadas vencidas
2025-06-27 20:10:41 [[32minfo[39m]: Processando chamadas agendadas para tenant 1...
2025-06-27 20:10:41 [[32minfo[39m]: Tenant 1: Encontradas 0 chamadas vencidas
2025-06-27 20:11:11 [[32minfo[39m]: Processando chamadas agendadas para tenant 1...
2025-06-27 20:11:11 [[32minfo[39m]: Tenant 1: Encontradas 0 chamadas vencidas
2025-06-27 20:11:41 [[32minfo[39m]: Processando chamadas agendadas para tenant 1...
2025-06-27 20:11:41 [[32minfo[39m]: Tenant 1: Encontradas 0 chamadas vencidas
2025-06-27 20:12:05 [[32minfo[39m]: Iniciando shutdown gracioso do servidor...
2025-06-27 20:55:10 [[32minfo[39m]: Servidor rodando na porta 3100
2025-06-27 20:55:10 [[32minfo[39m]: Tenant 1: Iniciando scheduler com intervalo de 60 segundos.
2025-06-27 20:55:10 [[32minfo[39m]: Processando chamadas agendadas para tenant 1...
2025-06-27 20:55:10 [[32minfo[39m]: Tenant 1: Encontradas 0 chamadas vencidas
2025-06-27 21:00:06 [[32minfo[39m]: Servidor rodando na porta 3100
2025-06-27 21:00:06 [[32minfo[39m]: Tenant 1: Iniciando scheduler com intervalo de 60 segundos.
2025-06-27 21:00:06 [[32minfo[39m]: Processando chamadas agendadas para tenant 1...
2025-06-27 21:00:06 [[32minfo[39m]: Tenant 1: Encontradas 0 chamadas vencidas
2025-06-27 21:23:46 [[32minfo[39m]: Servidor rodando na porta 3100
2025-06-27 21:23:46 [[32minfo[39m]: Tenant 1: Iniciando scheduler com intervalo de 60 segundos.
2025-06-27 21:23:46 [[32minfo[39m]: Processando chamadas agendadas para tenant 1...
2025-06-27 21:23:46 [[32minfo[39m]: Tenant 1: Encontradas 0 chamadas vencidas
2025-08-14 10:32:05 [[32minfo[39m]: Servidor rodando na porta 3100
2025-08-14 10:32:05 [[32minfo[39m]: Tenant 1: Iniciando scheduler com intervalo de 60 segundos.
2025-08-14 10:32:05 [[32minfo[39m]: Processando chamadas agendadas para tenant 1...
2025-08-14 10:32:05 [[32minfo[39m]: Tenant 1: Encontradas 0 chamadas vencidas
2025-08-14 10:33:05 [[32minfo[39m]: Processando chamadas agendadas para tenant 1...
2025-08-14 10:33:05 [[32minfo[39m]: Tenant 1: Encontradas 0 chamadas vencidas
2025-08-14 10:34:05 [[32minfo[39m]: Processando chamadas agendadas para tenant 1...
2025-08-14 10:34:05 [[32minfo[39m]: Tenant 1: Encontradas 0 chamadas vencidas
2025-08-14 10:35:05 [[32minfo[39m]: Processando chamadas agendadas para tenant 1...
2025-08-14 10:35:05 [[32minfo[39m]: Tenant 1: Encontradas 0 chamadas vencidas
2025-08-14 10:36:05 [[32minfo[39m]: Processando chamadas agendadas para tenant 1...
2025-08-14 10:36:05 [[32minfo[39m]: Tenant 1: Encontradas 0 chamadas vencidas
2025-08-14 10:36:41 [[32minfo[39m]: Servidor rodando na porta 3100
2025-08-14 10:36:41 [[32minfo[39m]: Tenant 1: Iniciando scheduler com intervalo de 60 segundos.
2025-08-14 10:36:41 [[32minfo[39m]: Processando chamadas agendadas para tenant 1...
2025-08-14 10:36:41 [[32minfo[39m]: Tenant 1: Encontradas 0 chamadas vencidas
2025-08-14 10:36:56 [[32minfo[39m]: Servidor rodando na porta 3100
2025-08-14 10:36:56 [[32minfo[39m]: Tenant 1: Iniciando scheduler com intervalo de 60 segundos.
2025-08-14 10:36:56 [[32minfo[39m]: Processando chamadas agendadas para tenant 1...
2025-08-14 10:36:56 [[32minfo[39m]: Tenant 1: Encontradas 0 chamadas vencidas
2025-08-14 10:37:04 [[32minfo[39m]: Servidor rodando na porta 3100
2025-08-14 10:37:04 [[32minfo[39m]: Tenant 1: Iniciando scheduler com intervalo de 60 segundos.
2025-08-14 10:37:04 [[32minfo[39m]: Processando chamadas agendadas para tenant 1...
2025-08-14 10:37:04 [[32minfo[39m]: Tenant 1: Encontradas 0 chamadas vencidas
2025-08-14 10:37:56 [[32minfo[39m]: Servidor rodando na porta 3100
2025-08-14 10:37:56 [[32minfo[39m]: Tenant 1: Iniciando scheduler com intervalo de 60 segundos.
2025-08-14 10:37:56 [[32minfo[39m]: Processando chamadas agendadas para tenant 1...
2025-08-14 10:37:56 [[32minfo[39m]: Tenant 1: Encontradas 0 chamadas vencidas
2025-08-14 10:38:17 [[32minfo[39m]: Servidor rodando na porta 3100
2025-08-14 10:38:17 [[32minfo[39m]: Tenant 1: Iniciando scheduler com intervalo de 60 segundos.
2025-08-14 10:38:17 [[32minfo[39m]: Processando chamadas agendadas para tenant 1...
2025-08-14 10:38:17 [[32minfo[39m]: Tenant 1: Encontradas 0 chamadas vencidas
2025-08-14 10:38:25 [[32minfo[39m]: Servidor rodando na porta 3100
2025-08-14 10:38:26 [[32minfo[39m]: Tenant 1: Iniciando scheduler com intervalo de 60 segundos.
2025-08-14 10:38:26 [[32minfo[39m]: Processando chamadas agendadas para tenant 1...
2025-08-14 10:38:26 [[32minfo[39m]: Tenant 1: Encontradas 0 chamadas vencidas
2025-08-14 10:38:29 [[32minfo[39m]: Servidor rodando na porta 3100
2025-08-14 10:38:29 [[32minfo[39m]: Tenant 1: Iniciando scheduler com intervalo de 60 segundos.
2025-08-14 10:38:29 [[32minfo[39m]: Processando chamadas agendadas para tenant 1...
2025-08-14 10:38:29 [[32minfo[39m]: Tenant 1: Encontradas 0 chamadas vencidas
2025-08-14 10:38:31 [[32minfo[39m]: Servidor rodando na porta 3100
2025-08-14 10:38:31 [[32minfo[39m]: Tenant 1: Iniciando scheduler com intervalo de 60 segundos.
2025-08-14 10:38:31 [[32minfo[39m]: Processando chamadas agendadas para tenant 1...
2025-08-14 10:38:31 [[32minfo[39m]: Tenant 1: Encontradas 0 chamadas vencidas
2025-08-14 10:38:33 [[32minfo[39m]: Servidor rodando na porta 3100
2025-08-14 10:38:33 [[32minfo[39m]: Tenant 1: Iniciando scheduler com intervalo de 60 segundos.
2025-08-14 10:38:33 [[32minfo[39m]: Processando chamadas agendadas para tenant 1...
2025-08-14 10:38:33 [[32minfo[39m]: Tenant 1: Encontradas 0 chamadas vencidas
2025-08-14 10:38:38 [[32minfo[39m]: Servidor rodando na porta 3100
2025-08-14 10:38:38 [[32minfo[39m]: Tenant 1: Iniciando scheduler com intervalo de 60 segundos.
2025-08-14 10:38:38 [[32minfo[39m]: Processando chamadas agendadas para tenant 1...
2025-08-14 10:38:38 [[32minfo[39m]: Tenant 1: Encontradas 0 chamadas vencidas
2025-08-14 10:38:55 [[32minfo[39m]: Servidor rodando na porta 3100
2025-08-14 10:38:55 [[32minfo[39m]: Tenant 1: Iniciando scheduler com intervalo de 60 segundos.
2025-08-14 10:38:55 [[32minfo[39m]: Processando chamadas agendadas para tenant 1...
2025-08-14 10:38:55 [[32minfo[39m]: Tenant 1: Encontradas 0 chamadas vencidas
2025-08-14 10:39:52 [[32minfo[39m]: Servidor rodando na porta 3100
2025-08-14 10:39:52 [[32minfo[39m]: Tenant 1: Iniciando scheduler com intervalo de 60 segundos.
2025-08-14 10:39:52 [[32minfo[39m]: Processando chamadas agendadas para tenant 1...
2025-08-14 10:39:52 [[32minfo[39m]: Tenant 1: Encontradas 0 chamadas vencidas
2025-08-14 10:40:52 [[32minfo[39m]: Processando chamadas agendadas para tenant 1...
2025-08-14 10:40:52 [[32minfo[39m]: Tenant 1: Encontradas 0 chamadas vencidas
2025-08-14 10:41:15 [[32minfo[39m]: Servidor rodando na porta 3100
2025-08-14 10:41:16 [[32minfo[39m]: Tenant 1: Iniciando scheduler com intervalo de 60 segundos.
2025-08-14 10:41:16 [[32minfo[39m]: Processando chamadas agendadas para tenant 1...
2025-08-14 10:41:16 [[32minfo[39m]: Tenant 1: Encontradas 0 chamadas vencidas
2025-08-14 10:42:16 [[32minfo[39m]: Processando chamadas agendadas para tenant 1...
2025-08-14 10:42:16 [[32minfo[39m]: Tenant 1: Encontradas 0 chamadas vencidas
2025-08-14 10:43:16 [[32minfo[39m]: Processando chamadas agendadas para tenant 1...
2025-08-14 10:43:16 [[32minfo[39m]: Tenant 1: Encontradas 0 chamadas vencidas
2025-08-14 10:44:16 [[32minfo[39m]: Processando chamadas agendadas para tenant 1...
2025-08-14 10:44:16 [[32minfo[39m]: Tenant 1: Encontradas 0 chamadas vencidas
2025-08-14 10:45:16 [[32minfo[39m]: Processando chamadas agendadas para tenant 1...
2025-08-14 10:45:16 [[32minfo[39m]: Tenant 1: Encontradas 0 chamadas vencidas
2025-08-14 10:45:39 [[32minfo[39m]: Dados recebidos para criar ElevenLabToken: {"name":"ElevenLabs","token":"sk_b3d5474dc060309771893740688d96ef9330b13086327ed0","tenantId":1}
2025-08-14 10:46:16 [[32minfo[39m]: Processando chamadas agendadas para tenant 1...
2025-08-14 10:46:16 [[32minfo[39m]: Tenant 1: Encontradas 0 chamadas vencidas
2025-08-14 10:47:16 [[32minfo[39m]: Processando chamadas agendadas para tenant 1...
2025-08-14 10:47:16 [[32minfo[39m]: Tenant 1: Encontradas 0 chamadas vencidas
2025-08-14 10:48:16 [[32minfo[39m]: Processando chamadas agendadas para tenant 1...
2025-08-14 10:48:16 [[32minfo[39m]: Tenant 1: Encontradas 0 chamadas vencidas
2025-08-14 10:49:16 [[32minfo[39m]: Processando chamadas agendadas para tenant 1...
2025-08-14 10:49:16 [[32minfo[39m]: Tenant 1: Encontradas 0 chamadas vencidas
2025-08-14 10:50:16 [[32minfo[39m]: Processando chamadas agendadas para tenant 1...
2025-08-14 10:50:16 [[32minfo[39m]: Tenant 1: Encontradas 0 chamadas vencidas
2025-08-14 10:51:16 [[32minfo[39m]: Processando chamadas agendadas para tenant 1...
2025-08-14 10:51:16 [[32minfo[39m]: Tenant 1: Encontradas 0 chamadas vencidas
2025-08-14 10:52:16 [[32minfo[39m]: Processando chamadas agendadas para tenant 1...
2025-08-14 10:52:16 [[32minfo[39m]: Tenant 1: Encontradas 0 chamadas vencidas
2025-08-14 10:53:16 [[32minfo[39m]: Processando chamadas agendadas para tenant 1...
2025-08-14 10:53:16 [[32minfo[39m]: Tenant 1: Encontradas 0 chamadas vencidas
2025-08-14 10:54:16 [[32minfo[39m]: Processando chamadas agendadas para tenant 1...
2025-08-14 10:54:16 [[32minfo[39m]: Tenant 1: Encontradas 0 chamadas vencidas
2025-08-14 10:55:16 [[32minfo[39m]: Processando chamadas agendadas para tenant 1...
2025-08-14 10:55:16 [[32minfo[39m]: Tenant 1: Encontradas 0 chamadas vencidas
2025-08-14 10:56:16 [[32minfo[39m]: Processando chamadas agendadas para tenant 1...
2025-08-14 10:56:16 [[32minfo[39m]: Tenant 1: Encontradas 0 chamadas vencidas
2025-08-14 10:57:16 [[32minfo[39m]: Processando chamadas agendadas para tenant 1...
2025-08-14 10:57:16 [[32minfo[39m]: Tenant 1: Encontradas 0 chamadas vencidas
2025-08-14 10:58:16 [[32minfo[39m]: Processando chamadas agendadas para tenant 1...
2025-08-14 10:58:16 [[32minfo[39m]: Tenant 1: Encontradas 0 chamadas vencidas
2025-08-14 10:59:16 [[32minfo[39m]: Processando chamadas agendadas para tenant 1...
2025-08-14 10:59:16 [[32minfo[39m]: Tenant 1: Encontradas 0 chamadas vencidas
2025-08-14 11:00:16 [[32minfo[39m]: Processando chamadas agendadas para tenant 1...
2025-08-14 11:00:16 [[32minfo[39m]: Tenant 1: Encontradas 0 chamadas vencidas
2025-08-14 11:01:09 [[32minfo[39m]: Servidor rodando na porta 3100
2025-08-14 11:01:09 [[32minfo[39m]: Tenant 1: Iniciando scheduler com intervalo de 60 segundos.
2025-08-14 11:01:09 [[32minfo[39m]: Processando chamadas agendadas para tenant 1...
2025-08-14 11:01:09 [[32minfo[39m]: Tenant 1: Encontradas 0 chamadas vencidas
2025-08-14 11:02:09 [[32minfo[39m]: Processando chamadas agendadas para tenant 1...
2025-08-14 11:02:09 [[32minfo[39m]: Tenant 1: Encontradas 0 chamadas vencidas
2025-08-14 11:02:55 [[32minfo[39m]: Iniciando shutdown gracioso do servidor...
2025-08-14 11:03:12 [[32minfo[39m]: Servidor rodando na porta 3100
2025-08-14 11:03:12 [[32minfo[39m]: Tenant 1: Iniciando scheduler com intervalo de 60 segundos.
2025-08-14 11:03:12 [[32minfo[39m]: Processando chamadas agendadas para tenant 1...
2025-08-14 11:03:12 [[32minfo[39m]: Tenant 1: Encontradas 0 chamadas vencidas
2025-08-14 11:04:12 [[32minfo[39m]: Processando chamadas agendadas para tenant 1...
2025-08-14 11:04:12 [[32minfo[39m]: Tenant 1: Encontradas 0 chamadas vencidas
2025-08-14 11:05:12 [[32minfo[39m]: Processando chamadas agendadas para tenant 1...
2025-08-14 11:05:12 [[32minfo[39m]: Tenant 1: Encontradas 0 chamadas vencidas
2025-08-14 11:06:12 [[32minfo[39m]: Processando chamadas agendadas para tenant 1...
2025-08-14 11:06:12 [[32minfo[39m]: Tenant 1: Encontradas 0 chamadas vencidas
2025-08-14 11:07:12 [[32minfo[39m]: Processando chamadas agendadas para tenant 1...
2025-08-14 11:07:12 [[32minfo[39m]: Tenant 1: Encontradas 0 chamadas vencidas
2025-08-14 11:08:12 [[32minfo[39m]: Processando chamadas agendadas para tenant 1...
2025-08-14 11:08:12 [[32minfo[39m]: Tenant 1: Encontradas 0 chamadas vencidas
2025-08-14 11:09:12 [[32minfo[39m]: Processando chamadas agendadas para tenant 1...
2025-08-14 11:09:12 [[32minfo[39m]: Tenant 1: Encontradas 0 chamadas vencidas
2025-08-14 11:10:12 [[32minfo[39m]: Processando chamadas agendadas para tenant 1...
2025-08-14 11:10:12 [[32minfo[39m]: Tenant 1: Encontradas 0 chamadas vencidas
2025-08-14 11:11:12 [[32minfo[39m]: Processando chamadas agendadas para tenant 1...
2025-08-14 11:11:12 [[32minfo[39m]: Tenant 1: Encontradas 0 chamadas vencidas
2025-08-14 11:12:12 [[32minfo[39m]: Processando chamadas agendadas para tenant 1...
2025-08-14 11:12:12 [[32minfo[39m]: Tenant 1: Encontradas 0 chamadas vencidas
2025-08-14 11:13:12 [[32minfo[39m]: Processando chamadas agendadas para tenant 1...
2025-08-14 11:13:12 [[32minfo[39m]: Tenant 1: Encontradas 0 chamadas vencidas
2025-08-14 11:14:12 [[32minfo[39m]: Processando chamadas agendadas para tenant 1...
2025-08-14 11:14:12 [[32minfo[39m]: Tenant 1: Encontradas 0 chamadas vencidas
2025-08-14 11:15:12 [[32minfo[39m]: Processando chamadas agendadas para tenant 1...
2025-08-14 11:15:12 [[32minfo[39m]: Tenant 1: Encontradas 0 chamadas vencidas
2025-08-14 11:16:12 [[32minfo[39m]: Processando chamadas agendadas para tenant 1...
2025-08-14 11:16:12 [[32minfo[39m]: Tenant 1: Encontradas 0 chamadas vencidas
2025-08-14 11:17:12 [[32minfo[39m]: Processando chamadas agendadas para tenant 1...
2025-08-14 11:17:12 [[32minfo[39m]: Tenant 1: Encontradas 0 chamadas vencidas
2025-08-14 11:18:12 [[32minfo[39m]: Processando chamadas agendadas para tenant 1...
2025-08-14 11:18:12 [[32minfo[39m]: Tenant 1: Encontradas 0 chamadas vencidas
2025-08-14 11:19:12 [[32minfo[39m]: Processando chamadas agendadas para tenant 1...
2025-08-14 11:19:12 [[32minfo[39m]: Tenant 1: Encontradas 0 chamadas vencidas
2025-08-14 11:20:12 [[32minfo[39m]: Processando chamadas agendadas para tenant 1...
2025-08-14 11:20:12 [[32minfo[39m]: Tenant 1: Encontradas 0 chamadas vencidas
2025-08-14 11:21:12 [[32minfo[39m]: Processando chamadas agendadas para tenant 1...
2025-08-14 11:21:12 [[32minfo[39m]: Tenant 1: Encontradas 0 chamadas vencidas
2025-08-14 11:22:12 [[32minfo[39m]: Processando chamadas agendadas para tenant 1...
2025-08-14 11:22:12 [[32minfo[39m]: Tenant 1: Encontradas 0 chamadas vencidas
2025-08-14 11:23:12 [[32minfo[39m]: Processando chamadas agendadas para tenant 1...
2025-08-14 11:23:12 [[32minfo[39m]: Tenant 1: Encontradas 0 chamadas vencidas
2025-08-14 11:24:12 [[32minfo[39m]: Processando chamadas agendadas para tenant 1...
2025-08-14 11:24:12 [[32minfo[39m]: Tenant 1: Encontradas 0 chamadas vencidas
2025-08-14 11:25:12 [[32minfo[39m]: Processando chamadas agendadas para tenant 1...
2025-08-14 11:25:12 [[32minfo[39m]: Tenant 1: Encontradas 0 chamadas vencidas
2025-08-14 11:26:12 [[32minfo[39m]: Processando chamadas agendadas para tenant 1...
2025-08-14 11:26:12 [[32minfo[39m]: Tenant 1: Encontradas 0 chamadas vencidas
2025-08-14 11:27:12 [[32minfo[39m]: Processando chamadas agendadas para tenant 1...
2025-08-14 11:27:12 [[32minfo[39m]: Tenant 1: Encontradas 0 chamadas vencidas
2025-08-14 11:28:12 [[32minfo[39m]: Processando chamadas agendadas para tenant 1...
2025-08-14 11:28:12 [[32minfo[39m]: Tenant 1: Encontradas 0 chamadas vencidas
2025-08-14 11:29:12 [[32minfo[39m]: Processando chamadas agendadas para tenant 1...
2025-08-14 11:29:12 [[32minfo[39m]: Tenant 1: Encontradas 0 chamadas vencidas
2025-08-14 11:30:12 [[32minfo[39m]: Processando chamadas agendadas para tenant 1...
2025-08-14 11:30:12 [[32minfo[39m]: Tenant 1: Encontradas 0 chamadas vencidas
2025-08-14 11:31:12 [[32minfo[39m]: Processando chamadas agendadas para tenant 1...
2025-08-14 11:31:12 [[32minfo[39m]: Tenant 1: Encontradas 0 chamadas vencidas
2025-08-14 11:31:55 [[32minfo[39m]: Iniciando shutdown gracioso do servidor...
2025-08-14 14:25:31 [[32minfo[39m]: Servidor rodando na porta 3100
2025-08-14 14:25:31 [[32minfo[39m]: Tenant 1: Iniciando scheduler com intervalo de 60 segundos.
2025-08-14 14:25:31 [[32minfo[39m]: Processando chamadas agendadas para tenant 1...
2025-08-14 14:25:31 [[32minfo[39m]: Tenant 1: Encontradas 0 chamadas vencidas
2025-08-14 14:26:31 [[32minfo[39m]: Processando chamadas agendadas para tenant 1...
2025-08-14 14:26:31 [[32minfo[39m]: Tenant 1: Encontradas 0 chamadas vencidas
2025-08-14 14:27:31 [[32minfo[39m]: Processando chamadas agendadas para tenant 1...
2025-08-14 14:27:31 [[32minfo[39m]: Tenant 1: Encontradas 0 chamadas vencidas
2025-08-14 14:28:31 [[32minfo[39m]: Processando chamadas agendadas para tenant 1...
2025-08-14 14:28:31 [[32minfo[39m]: Tenant 1: Encontradas 0 chamadas vencidas
2025-08-14 14:29:31 [[32minfo[39m]: Processando chamadas agendadas para tenant 1...
2025-08-14 14:29:31 [[32minfo[39m]: Tenant 1: Encontradas 0 chamadas vencidas
2025-08-14 14:30:31 [[32minfo[39m]: Processando chamadas agendadas para tenant 1...
2025-08-14 14:30:31 [[32minfo[39m]: Tenant 1: Encontradas 0 chamadas vencidas
2025-08-14 14:31:03 [[32minfo[39m]: Iniciando shutdown gracioso do servidor...
2025-08-14 14:31:43 [[32minfo[39m]: Servidor rodando na porta 3100
2025-08-14 14:31:43 [[32minfo[39m]: Tenant 1: Iniciando scheduler com intervalo de 60 segundos.
2025-08-14 14:31:43 [[32minfo[39m]: Processando chamadas agendadas para tenant 1...
2025-08-14 14:31:43 [[32minfo[39m]: Tenant 1: Encontradas 0 chamadas vencidas
2025-08-14 14:32:43 [[32minfo[39m]: Processando chamadas agendadas para tenant 1...
2025-08-14 14:32:43 [[32minfo[39m]: Tenant 1: Encontradas 1 chamadas vencidas
2025-08-14 14:32:44 [[32minfo[39m]: ElevenLabs phone number phnum_9001k2mahtgdf5saz3jvdtnxg5d8 validado
2025-08-14 14:32:44 [[32minfo[39m]: ElevenLabs agent agent_6601k2fp3kr3fch84djef7mkxrve validado
2025-08-14 14:32:44 [[32minfo[39m]: Tenant 1 Payload da chamada ElevenLabs: {"agent_id":"agent_6601k2fp3kr3fch84djef7mkxrve","agent_phone_number_id":"phnum_9001k2mahtgdf5saz3jvdtnxg5d8","to_number":"+5535988754197"}
2025-08-14 14:32:45 [[32minfo[39m]: Chamada 19 executada com sucesso
2025-08-14 14:33:43 [[32minfo[39m]: Processando chamadas agendadas para tenant 1...
2025-08-14 14:33:43 [[32minfo[39m]: Tenant 1: Encontradas 0 chamadas vencidas
2025-08-14 14:34:43 [[32minfo[39m]: Processando chamadas agendadas para tenant 1...
2025-08-14 14:34:43 [[32minfo[39m]: Tenant 1: Encontradas 0 chamadas vencidas
2025-08-14 14:35:43 [[32minfo[39m]: Processando chamadas agendadas para tenant 1...
2025-08-14 14:35:43 [[32minfo[39m]: Tenant 1: Encontradas 0 chamadas vencidas
2025-08-14 14:36:43 [[32minfo[39m]: Processando chamadas agendadas para tenant 1...
2025-08-14 14:36:43 [[32minfo[39m]: Tenant 1: Encontradas 0 chamadas vencidas
2025-08-14 14:37:43 [[32minfo[39m]: Processando chamadas agendadas para tenant 1...
2025-08-14 14:37:43 [[32minfo[39m]: Tenant 1: Encontradas 0 chamadas vencidas
2025-08-14 14:38:43 [[32minfo[39m]: Processando chamadas agendadas para tenant 1...
2025-08-14 14:38:43 [[32minfo[39m]: Tenant 1: Encontradas 0 chamadas vencidas
2025-08-14 14:39:43 [[32minfo[39m]: Processando chamadas agendadas para tenant 1...
2025-08-14 14:39:43 [[32minfo[39m]: Tenant 1: Encontradas 0 chamadas vencidas
2025-08-14 14:40:43 [[32minfo[39m]: Processando chamadas agendadas para tenant 1...
2025-08-14 14:40:43 [[32minfo[39m]: Tenant 1: Encontradas 0 chamadas vencidas
2025-08-14 14:40:58 [[32minfo[39m]: ElevenLabs phone number phnum_9001k2mahtgdf5saz3jvdtnxg5d8 validado
2025-08-14 14:40:58 [[32minfo[39m]: ElevenLabs agent agent_6601k2fp3kr3fch84djef7mkxrve validado
2025-08-14 14:40:58 [[32minfo[39m]: Tenant 1 Payload da chamada ElevenLabs: {"agent_id":"agent_6601k2fp3kr3fch84djef7mkxrve","agent_phone_number_id":"phnum_9001k2mahtgdf5saz3jvdtnxg5d8","to_number":"+5535988754197"}
2025-08-14 14:41:43 [[32minfo[39m]: Processando chamadas agendadas para tenant 1...
2025-08-14 14:41:43 [[32minfo[39m]: Tenant 1: Encontradas 1 chamadas vencidas
2025-08-14 14:41:44 [[32minfo[39m]: ElevenLabs phone number phnum_9001k2mahtgdf5saz3jvdtnxg5d8 validado
2025-08-14 14:41:44 [[32minfo[39m]: ElevenLabs agent agent_6601k2fp3kr3fch84djef7mkxrve validado
2025-08-14 14:41:44 [[32minfo[39m]: Tenant 1 Payload da chamada ElevenLabs: {"agent_id":"agent_6601k2fp3kr3fch84djef7mkxrve","agent_phone_number_id":"phnum_9001k2mahtgdf5saz3jvdtnxg5d8","to_number":"+5535988754197"}
2025-08-14 14:42:07 [[32minfo[39m]: ElevenLabs phone number phnum_9001k2mahtgdf5saz3jvdtnxg5d8 validado
2025-08-14 14:42:08 [[32minfo[39m]: ElevenLabs agent agent_6601k2fp3kr3fch84djef7mkxrve validado
2025-08-14 14:42:08 [[32minfo[39m]: Tenant 1 Payload da chamada ElevenLabs: {"agent_id":"agent_6601k2fp3kr3fch84djef7mkxrve","agent_phone_number_id":"phnum_9001k2mahtgdf5saz3jvdtnxg5d8","to_number":"+5535988754197"}
